<?xml version="1.0" encoding="UTF-8"?>
<!-- Generated by org.testng.reporters.JUnitReportReporter -->
<testsuite hostname="NDATSTNPC102" name="SeleniumTests.TestNgTest1" tests="2" failures="0" timestamp="7 Sep 2018 09:17:40 GMT" time="27.628" errors="0">
  <testcase name="SelectRadio" time="0.404" classname="SeleniumTests.TestNgTest1"/>
  <testcase name="launchUrl" time="27.224" classname="SeleniumTests.TestNgTest1"/>
</testsuite> <!-- SeleniumTests.TestNgTest1 -->
