<?xml version="1.0" encoding="UTF-8"?>
<!-- Generated by org.testng.reporters.JUnitReportReporter -->
<testsuite hostname="NDATSTNPC102" name="SeleniumTests.NewTest" tests="1" failures="0" timestamp="5 Sep 2018 12:06:43 GMT" time="0.016" errors="0">
  <testcase name="f" time="0.016" classname="SeleniumTests.NewTest"/>
</testsuite> <!-- SeleniumTests.NewTest -->
