<?xml version="1.0" encoding="UTF-8"?>
<!-- Generated by org.testng.reporters.JUnitReportReporter -->
<testsuite hostname="NDATSTNPC102" name="SeleniumTests.IntraNetLogin" tests="3" failures="0" timestamp="7 Sep 2018 09:17:40 GMT" time="98.783" errors="0">
  <testcase name="GmailLogin" time="0.002" classname="SeleniumTests.IntraNetLogin"/>
  <testcase name="DataProviderTest1" time="54.745" classname="SeleniumTests.IntraNetLogin"/>
  <testcase name="ParameterTest" time="44.036" classname="SeleniumTests.IntraNetLogin"/>
</testsuite> <!-- SeleniumTests.IntraNetLogin -->
